<?xml version="1.0" encoding="UTF-8"?>
<testsuite name="net.instantgratification.oreamplifier.test.OreAmplifierTest" tests="3" skipped="0" failures="0" errors="0" timestamp="2026-09-07T06:20:41.405Z" hostname="PRJ1PC" time="5.392">
  <properties/>
  <testcase name="Verify Vanilla Ore Logic &amp; Name Filtering" classname="net.instantgratification.oreamplifier.test.OreAmplifierTest" time="0.011"/>
  <testcase name="Verify Multiplier Calculation Math" classname="net.instantgratification.oreamplifier.test.OreAmplifierTest" time="0.001"/>
  <testcase name="Verify Blacklist Filtering" classname="net.instantgratification.oreamplifier.test.OreAmplifierTest" time="0.0"/>
  <system-out><![CDATA[]]></system-out>
  <system-err><![CDATA[]]></system-err>
</testsuite>
